<?xml version="1.0" encoding="UTF-8" ?>
<testsuites name="vitest tests" tests="22" failures="0" errors="0" time="0.876">
    <testsuite name="tests/demand.test.js" timestamp="2026-03-08T07:17:11.631Z" hostname="DESKTOP-5GLRES4" tests="6" failures="0" errors="0" skipped="0" time="0.008">
        <testcase classname="tests/demand.test.js" name="DemandService &gt; should store valid demand data" time="0.003">
        </testcase>
        <testcase classname="tests/demand.test.js" name="DemandService &gt; should throw error for invalid zone" time="0.002">
        </testcase>
        <testcase classname="tests/demand.test.js" name="DemandService &gt; should throw error for negative demand" time="0">
        </testcase>
        <testcase classname="tests/demand.test.js" name="DemandService &gt; should filter historical demand by zone and time range" time="0">
        </testcase>
        <testcase classname="tests/demand.test.js" name="DemandService &gt; should aggregate demand by zone" time="0.001">
        </testcase>
        <testcase classname="tests/demand.test.js" name="MockDataGenerator &gt; should generate requested number of records" time="0.001">
        </testcase>
    </testsuite>
    <testsuite name="tests/optimization.test.js" timestamp="2026-03-08T07:17:11.640Z" hostname="DESKTOP-5GLRES4" tests="3" failures="0" errors="0" skipped="0" time="0.006">
        <testcase classname="tests/optimization.test.js" name="OptimizationService &gt; should detect hotspots" time="0.004">
        </testcase>
        <testcase classname="tests/optimization.test.js" name="OptimizationService &gt; should analyze imbalance correctly" time="0.001">
        </testcase>
        <testcase classname="tests/optimization.test.js" name="OptimizationService &gt; should generate relocation recommendations" time="0">
        </testcase>
    </testsuite>
    <testsuite name="tests/prediction.test.js" timestamp="2026-03-08T07:17:11.642Z" hostname="DESKTOP-5GLRES4" tests="4" failures="0" errors="0" skipped="0" time="0.005">
        <testcase classname="tests/prediction.test.js" name="PredictionService &gt; should train a model and predict demand correctly" time="0.002">
        </testcase>
        <testcase classname="tests/prediction.test.js" name="PredictionService &gt; should evaluate accuracy using MAE" time="0.001">
        </testcase>
        <testcase classname="tests/prediction.test.js" name="PredictionService &gt; should return 0 for unknown temporal profiles" time="0">
        </testcase>
        <testcase classname="tests/prediction.test.js" name="PredictionService &gt; should throw error if predicting for untrained zone" time="0.001">
        </testcase>
    </testsuite>
    <testsuite name="tests/rideController.test.js" timestamp="2026-03-08T07:17:11.646Z" hostname="DESKTOP-5GLRES4" tests="6" failures="0" errors="0" skipped="0" time="0.009">
        <testcase classname="tests/rideController.test.js" name="rideController &gt; createRide &gt; should accept ride data in body" time="0.003">
        </testcase>
        <testcase classname="tests/rideController.test.js" name="rideController &gt; createRide &gt; should validate required fields" time="0.003">
        </testcase>
        <testcase classname="tests/rideController.test.js" name="rideController &gt; getRideById &gt; should accept ID parameter" time="0.001">
        </testcase>
        <testcase classname="tests/rideController.test.js" name="rideController &gt; updateRide &gt; should accept update data in body" time="0">
        </testcase>
        <testcase classname="tests/rideController.test.js" name="rideController &gt; deleteRide &gt; should accept ID parameter for deletion" time="0.001">
        </testcase>
        <testcase classname="tests/rideController.test.js" name="rideController &gt; Ride statistics &gt; getRideStats should provide statistical data" time="0">
        </testcase>
    </testsuite>
    <testsuite name="tests/socketService.test.js" timestamp="2026-03-08T07:17:11.649Z" hostname="DESKTOP-5GLRES4" tests="3" failures="0" errors="0" skipped="0" time="0.005">
        <testcase classname="tests/socketService.test.js" name="socketService &gt; should handle connection status" time="0.003">
            <system-out>
Socket connected

            </system-out>
        </testcase>
        <testcase classname="tests/socketService.test.js" name="socketService &gt; should handle disconnection" time="0">
            <system-out>
Socket disconnected

            </system-out>
        </testcase>
        <testcase classname="tests/socketService.test.js" name="socketService &gt; should emit only when connected" time="0.001">
            <system-out>
Socket disconnected
Socket connected
Emitting test: {}

            </system-out>
        </testcase>
    </testsuite>
</testsuites>
